{"contracts\\DeHiveTokensale.sol":{"l":{"74":36,"75":34,"82":66,"83":58,"90":15,"91":13,"98":8,"99":8,"100":8,"122":8,"123":8,"125":8,"126":8,"128":8,"129":8,"131":8,"132":8,"133":8,"134":8,"135":8,"136":8,"137":8,"138":8,"148":45,"149":16,"151":29,"159":2,"166":8,"173":3,"192":30,"193":26,"194":26,"196":24,"197":11,"198":9,"200":13,"201":11,"204":20,"205":20,"207":20,"215":11,"216":9,"217":9,"219":7,"220":5,"222":5,"223":5,"225":5,"232":20,"233":18,"234":18,"236":16,"237":9,"238":7,"240":7,"241":5,"244":12,"246":12,"248":12,"257":21,"269":3,"271":3,"272":3,"280":3,"282":3,"283":3,"291":2,"292":1,"295":1,"307":16,"308":14,"310":10,"311":10,"312":10,"321":6,"330":20,"339":20,"340":3,"342":17,"356":121,"364":28,"374":36,"383":19},"path":"C:\\Users\\CHESHEER\\Documents\\deHive\\tokensale-contracts\\contracts\\DeHiveTokensale.sol","s":{"1":36,"2":66,"3":15,"4":8,"5":8,"6":8,"7":8,"8":8,"9":8,"10":8,"11":8,"12":8,"13":8,"14":8,"15":8,"16":8,"17":8,"18":8,"19":8,"20":45,"21":16,"22":29,"23":2,"24":8,"25":3,"26":30,"27":26,"28":26,"29":24,"30":11,"31":9,"32":13,"33":11,"34":20,"35":20,"36":20,"37":11,"38":9,"39":9,"40":7,"41":5,"42":5,"43":5,"44":5,"45":20,"46":18,"47":18,"48":16,"49":9,"50":7,"51":7,"52":5,"53":12,"54":12,"55":12,"56":21,"57":3,"58":3,"59":3,"60":3,"61":3,"62":3,"63":2,"64":1,"65":1,"66":16,"67":14,"68":10,"69":10,"70":10,"71":6,"72":20,"73":20,"74":3,"75":17,"76":121,"77":28,"78":36,"79":19},"b":{"1":[34,2],"2":[58,8],"3":[13,2],"4":[8,0],"5":[8,0],"6":[8,0],"7":[8,0],"8":[16,29],"9":[26,4],"10":[24,2],"11":[11,13],"12":[9,2],"13":[11,2],"14":[9,2],"15":[7,2],"16":[5,2],"17":[18,2],"18":[16,2],"19":[9,7],"20":[7,2],"21":[5,2],"22":[3,0],"23":[3,0],"24":[3,0],"25":[1,1],"26":[10,4],"27":[3,17]},"f":{"1":36,"2":66,"3":15,"4":8,"5":8,"6":45,"7":2,"8":8,"9":3,"10":30,"11":11,"12":20,"13":21,"14":3,"15":3,"16":2,"17":16,"18":6,"19":20,"20":20,"21":121,"22":28,"23":36,"24":19},"fnMap":{"1":{"name":"supportedCoin","line":73,"loc":{"start":{"line":73,"column":4},"end":{"line":76,"column":4}}},"2":{"name":"onlySale","line":81,"loc":{"start":{"line":81,"column":4},"end":{"line":84,"column":4}}},"3":{"name":"onlyPreSale","line":89,"loc":{"start":{"line":89,"column":4},"end":{"line":92,"column":4}}},"4":{"name":"notOnSale","line":97,"loc":{"start":{"line":97,"column":4},"end":{"line":101,"column":4}}},"5":{"name":"initialize","line":121,"loc":{"start":{"line":112,"column":4},"end":{"line":139,"column":4}}},"6":{"name":"adminSetRates","line":147,"loc":{"start":{"line":147,"column":4},"end":{"line":152,"column":4}}},"7":{"name":"adminSetTreasury","line":158,"loc":{"start":{"line":158,"column":4},"end":{"line":160,"column":4}}},"8":{"name":"adminPause","line":165,"loc":{"start":{"line":165,"column":4},"end":{"line":167,"column":4}}},"9":{"name":"adminUnpause","line":172,"loc":{"start":{"line":172,"column":4},"end":{"line":174,"column":4}}},"10":{"name":"purchaseDHVwithERC20","line":191,"loc":{"start":{"line":191,"column":4},"end":{"line":208,"column":4}}},"11":{"name":"purchaseDHVwithNUX","line":214,"loc":{"start":{"line":214,"column":4},"end":{"line":226,"column":4}}},"12":{"name":"purchaseDHVwithETH","line":231,"loc":{"start":{"line":231,"column":4},"end":{"line":249,"column":4}}},"13":{"name":"publicSaleAvailableDHV","line":256,"loc":{"start":{"line":256,"column":4},"end":{"line":260,"column":4}}},"14":{"name":"adminWithdrawERC20","line":268,"loc":{"start":{"line":268,"column":4},"end":{"line":273,"column":4}}},"15":{"name":"adminWithdraw","line":279,"loc":{"start":{"line":279,"column":4},"end":{"line":284,"column":4}}},"16":{"name":"rateForToken","line":290,"loc":{"start":{"line":290,"column":4},"end":{"line":297,"column":4}}},"17":{"name":"claim","line":306,"loc":{"start":{"line":306,"column":4},"end":{"line":313,"column":4}}},"18":{"name":"claimed","line":320,"loc":{"start":{"line":320,"column":4},"end":{"line":322,"column":4}}},"19":{"name":"claimable","line":329,"loc":{"start":{"line":329,"column":4},"end":{"line":331,"column":4}}},"20":{"name":"_vestedAmount","line":338,"loc":{"start":{"line":338,"column":4},"end":{"line":344,"column":4}}},"21":{"name":"_isPreSale","line":355,"loc":{"start":{"line":355,"column":4},"end":{"line":357,"column":4}}},"22":{"name":"_isPublicSale","line":363,"loc":{"start":{"line":363,"column":4},"end":{"line":365,"column":4}}},"23":{"name":"_calcPurchaseAmount","line":373,"loc":{"start":{"line":373,"column":4},"end":{"line":375,"column":4}}},"24":{"name":"_calcEthPurchaseAmount","line":382,"loc":{"start":{"line":382,"column":4},"end":{"line":384,"column":4}}}},"statementMap":{"1":{"start":{"line":74,"column":8},"end":{"line":74,"column":80}},"2":{"start":{"line":82,"column":8},"end":{"line":82,"column":71}},"3":{"start":{"line":90,"column":8},"end":{"line":90,"column":55}},"4":{"start":{"line":98,"column":8},"end":{"line":98,"column":70}},"5":{"start":{"line":99,"column":8},"end":{"line":99,"column":118}},"6":{"start":{"line":122,"column":8},"end":{"line":122,"column":54}},"7":{"start":{"line":123,"column":8},"end":{"line":123,"column":49}},"8":{"start":{"line":125,"column":8},"end":{"line":125,"column":23}},"9":{"start":{"line":126,"column":8},"end":{"line":126,"column":24}},"10":{"start":{"line":128,"column":8},"end":{"line":128,"column":27}},"11":{"start":{"line":129,"column":8},"end":{"line":129,"column":21}},"12":{"start":{"line":131,"column":8},"end":{"line":131,"column":27}},"13":{"start":{"line":132,"column":8},"end":{"line":132,"column":29}},"14":{"start":{"line":133,"column":8},"end":{"line":133,"column":27}},"15":{"start":{"line":134,"column":8},"end":{"line":134,"column":35}},"16":{"start":{"line":135,"column":8},"end":{"line":135,"column":41}},"17":{"start":{"line":136,"column":8},"end":{"line":136,"column":43}},"18":{"start":{"line":137,"column":8},"end":{"line":137,"column":43}},"19":{"start":{"line":138,"column":8},"end":{"line":138,"column":49}},"20":{"start":{"line":148,"column":8},"end":{"line":148,"column":5113}},"21":{"start":{"line":149,"column":12},"end":{"line":149,"column":26}},"22":{"start":{"line":151,"column":12},"end":{"line":151,"column":32}},"23":{"start":{"line":159,"column":8},"end":{"line":159,"column":27}},"24":{"start":{"line":166,"column":8},"end":{"line":166,"column":15}},"25":{"start":{"line":173,"column":8},"end":{"line":173,"column":17}},"26":{"start":{"line":192,"column":8},"end":{"line":192,"column":46}},"27":{"start":{"line":193,"column":8},"end":{"line":193,"column":77}},"28":{"start":{"line":194,"column":8},"end":{"line":194,"column":51}},"29":{"start":{"line":196,"column":8},"end":{"line":196,"column":6506}},"30":{"start":{"line":197,"column":12},"end":{"line":197,"column":111}},"31":{"start":{"line":198,"column":12},"end":{"line":198,"column":66}},"32":{"start":{"line":200,"column":12},"end":{"line":200,"column":93}},"33":{"start":{"line":201,"column":12},"end":{"line":201,"column":72}},"34":{"start":{"line":204,"column":8},"end":{"line":204,"column":91}},"35":{"start":{"line":205,"column":8},"end":{"line":205,"column":76}},"36":{"start":{"line":207,"column":8},"end":{"line":207,"column":67}},"37":{"start":{"line":215,"column":8},"end":{"line":215,"column":44}},"38":{"start":{"line":216,"column":8},"end":{"line":216,"column":73}},"39":{"start":{"line":217,"column":8},"end":{"line":217,"column":51}},"40":{"start":{"line":219,"column":8},"end":{"line":219,"column":107}},"41":{"start":{"line":220,"column":8},"end":{"line":220,"column":62}},"42":{"start":{"line":222,"column":8},"end":{"line":222,"column":87}},"43":{"start":{"line":223,"column":8},"end":{"line":223,"column":76}},"44":{"start":{"line":225,"column":8},"end":{"line":225,"column":65}},"45":{"start":{"line":232,"column":8},"end":{"line":232,"column":44}},"46":{"start":{"line":233,"column":8},"end":{"line":233,"column":66}},"47":{"start":{"line":234,"column":8},"end":{"line":234,"column":51}},"48":{"start":{"line":236,"column":8},"end":{"line":236,"column":8427}},"49":{"start":{"line":237,"column":12},"end":{"line":237,"column":111}},"50":{"start":{"line":238,"column":12},"end":{"line":238,"column":66}},"51":{"start":{"line":240,"column":12},"end":{"line":240,"column":93}},"52":{"start":{"line":241,"column":12},"end":{"line":241,"column":72}},"53":{"start":{"line":244,"column":8},"end":{"line":244,"column":76}},"54":{"start":{"line":246,"column":8},"end":{"line":246,"column":45}},"55":{"start":{"line":248,"column":8},"end":{"line":248,"column":67}},"56":{"start":{"line":257,"column":8},"end":{"line":257,"column":9384}},"57":{"start":{"line":269,"column":8},"end":{"line":269,"column":69}},"58":{"start":{"line":271,"column":8},"end":{"line":271,"column":85}},"59":{"start":{"line":272,"column":8},"end":{"line":272,"column":74}},"60":{"start":{"line":280,"column":8},"end":{"line":280,"column":64}},"61":{"start":{"line":282,"column":8},"end":{"line":282,"column":75}},"62":{"start":{"line":283,"column":8},"end":{"line":283,"column":42}},"63":{"start":{"line":291,"column":8},"end":{"line":291,"column":10764}},"64":{"start":{"line":292,"column":12},"end":{"line":292,"column":49}},"65":{"start":{"line":295,"column":12},"end":{"line":295,"column":54}},"66":{"start":{"line":307,"column":8},"end":{"line":307,"column":51}},"67":{"start":{"line":308,"column":8},"end":{"line":308,"column":64}},"68":{"start":{"line":310,"column":8},"end":{"line":310,"column":69}},"69":{"start":{"line":311,"column":8},"end":{"line":311,"column":72}},"70":{"start":{"line":312,"column":8},"end":{"line":312,"column":51}},"71":{"start":{"line":321,"column":8},"end":{"line":321,"column":30}},"72":{"start":{"line":330,"column":8},"end":{"line":330,"column":56}},"73":{"start":{"line":339,"column":8},"end":{"line":339,"column":12410}},"74":{"start":{"line":340,"column":12},"end":{"line":340,"column":35}},"75":{"start":{"line":342,"column":12},"end":{"line":342,"column":95}},"76":{"start":{"line":356,"column":8},"end":{"line":356,"column":84}},"77":{"start":{"line":364,"column":8},"end":{"line":364,"column":90}},"78":{"start":{"line":374,"column":8},"end":{"line":374,"column":56}},"79":{"start":{"line":383,"column":8},"end":{"line":383,"column":50}}},"branchMap":{"1":{"line":74,"type":"if","locations":[{"start":{"line":74,"column":8},"end":{"line":74,"column":8}},{"start":{"line":74,"column":8},"end":{"line":74,"column":8}}]},"2":{"line":82,"type":"if","locations":[{"start":{"line":82,"column":8},"end":{"line":82,"column":8}},{"start":{"line":82,"column":8},"end":{"line":82,"column":8}}]},"3":{"line":90,"type":"if","locations":[{"start":{"line":90,"column":8},"end":{"line":90,"column":8}},{"start":{"line":90,"column":8},"end":{"line":90,"column":8}}]},"4":{"line":98,"type":"if","locations":[{"start":{"line":98,"column":8},"end":{"line":98,"column":8}},{"start":{"line":98,"column":8},"end":{"line":98,"column":8}}]},"5":{"line":99,"type":"if","locations":[{"start":{"line":99,"column":8},"end":{"line":99,"column":8}},{"start":{"line":99,"column":8},"end":{"line":99,"column":8}}]},"6":{"line":122,"type":"if","locations":[{"start":{"line":122,"column":8},"end":{"line":122,"column":8}},{"start":{"line":122,"column":8},"end":{"line":122,"column":8}}]},"7":{"line":123,"type":"if","locations":[{"start":{"line":123,"column":8},"end":{"line":123,"column":8}},{"start":{"line":123,"column":8},"end":{"line":123,"column":8}}]},"8":{"line":148,"type":"if","locations":[{"start":{"line":148,"column":8},"end":{"line":148,"column":8}},{"start":{"line":148,"column":8},"end":{"line":148,"column":8}}]},"9":{"line":192,"type":"if","locations":[{"start":{"line":192,"column":8},"end":{"line":192,"column":8}},{"start":{"line":192,"column":8},"end":{"line":192,"column":8}}]},"10":{"line":194,"type":"if","locations":[{"start":{"line":194,"column":8},"end":{"line":194,"column":8}},{"start":{"line":194,"column":8},"end":{"line":194,"column":8}}]},"11":{"line":196,"type":"if","locations":[{"start":{"line":196,"column":8},"end":{"line":196,"column":8}},{"start":{"line":196,"column":8},"end":{"line":196,"column":8}}]},"12":{"line":197,"type":"if","locations":[{"start":{"line":197,"column":12},"end":{"line":197,"column":12}},{"start":{"line":197,"column":12},"end":{"line":197,"column":12}}]},"13":{"line":200,"type":"if","locations":[{"start":{"line":200,"column":12},"end":{"line":200,"column":12}},{"start":{"line":200,"column":12},"end":{"line":200,"column":12}}]},"14":{"line":215,"type":"if","locations":[{"start":{"line":215,"column":8},"end":{"line":215,"column":8}},{"start":{"line":215,"column":8},"end":{"line":215,"column":8}}]},"15":{"line":217,"type":"if","locations":[{"start":{"line":217,"column":8},"end":{"line":217,"column":8}},{"start":{"line":217,"column":8},"end":{"line":217,"column":8}}]},"16":{"line":219,"type":"if","locations":[{"start":{"line":219,"column":8},"end":{"line":219,"column":8}},{"start":{"line":219,"column":8},"end":{"line":219,"column":8}}]},"17":{"line":232,"type":"if","locations":[{"start":{"line":232,"column":8},"end":{"line":232,"column":8}},{"start":{"line":232,"column":8},"end":{"line":232,"column":8}}]},"18":{"line":234,"type":"if","locations":[{"start":{"line":234,"column":8},"end":{"line":234,"column":8}},{"start":{"line":234,"column":8},"end":{"line":234,"column":8}}]},"19":{"line":236,"type":"if","locations":[{"start":{"line":236,"column":8},"end":{"line":236,"column":8}},{"start":{"line":236,"column":8},"end":{"line":236,"column":8}}]},"20":{"line":237,"type":"if","locations":[{"start":{"line":237,"column":12},"end":{"line":237,"column":12}},{"start":{"line":237,"column":12},"end":{"line":237,"column":12}}]},"21":{"line":240,"type":"if","locations":[{"start":{"line":240,"column":12},"end":{"line":240,"column":12}},{"start":{"line":240,"column":12},"end":{"line":240,"column":12}}]},"22":{"line":269,"type":"if","locations":[{"start":{"line":269,"column":8},"end":{"line":269,"column":8}},{"start":{"line":269,"column":8},"end":{"line":269,"column":8}}]},"23":{"line":280,"type":"if","locations":[{"start":{"line":280,"column":8},"end":{"line":280,"column":8}},{"start":{"line":280,"column":8},"end":{"line":280,"column":8}}]},"24":{"line":283,"type":"if","locations":[{"start":{"line":283,"column":8},"end":{"line":283,"column":8}},{"start":{"line":283,"column":8},"end":{"line":283,"column":8}}]},"25":{"line":291,"type":"if","locations":[{"start":{"line":291,"column":8},"end":{"line":291,"column":8}},{"start":{"line":291,"column":8},"end":{"line":291,"column":8}}]},"26":{"line":308,"type":"if","locations":[{"start":{"line":308,"column":8},"end":{"line":308,"column":8}},{"start":{"line":308,"column":8},"end":{"line":308,"column":8}}]},"27":{"line":339,"type":"if","locations":[{"start":{"line":339,"column":8},"end":{"line":339,"column":8}},{"start":{"line":339,"column":8},"end":{"line":339,"column":8}}]}}},"contracts\\DHVToken.sol":{"l":{"15":9,"21":0,"22":0,"28":0,"29":0},"path":"C:\\Users\\CHESHEER\\Documents\\deHive\\tokensale-contracts\\contracts\\DHVToken.sol","s":{"1":9,"2":0,"3":0,"4":0,"5":0},"b":{"1":[0,0],"2":[0,0]},"f":{"1":9,"2":0,"3":0},"fnMap":{"1":{"name":"constructor","line":14,"loc":{"start":{"line":14,"column":4},"end":{"line":16,"column":4}}},"2":{"name":"burn","line":20,"loc":{"start":{"line":20,"column":4},"end":{"line":23,"column":4}}},"3":{"name":"mint","line":27,"loc":{"start":{"line":27,"column":4},"end":{"line":30,"column":4}}}},"statementMap":{"1":{"start":{"line":15,"column":8},"end":{"line":15,"column":47}},"2":{"start":{"line":21,"column":8},"end":{"line":21,"column":47}},"3":{"start":{"line":22,"column":8},"end":{"line":22,"column":35}},"4":{"start":{"line":28,"column":8},"end":{"line":28,"column":47}},"5":{"start":{"line":29,"column":8},"end":{"line":29,"column":35}}},"branchMap":{"1":{"line":21,"type":"if","locations":[{"start":{"line":21,"column":8},"end":{"line":21,"column":8}},{"start":{"line":21,"column":8},"end":{"line":21,"column":8}}]},"2":{"line":28,"type":"if","locations":[{"start":{"line":28,"column":8},"end":{"line":28,"column":8}},{"start":{"line":28,"column":8},"end":{"line":28,"column":8}}]}}}}